103.08.06 11:52 B C:\My Documents\webs\vescom\stock\cgi-bin\adovbs.inc <-- WS_FTP32 /vesconite/stock/cgi-bin adovbs.inc
103.08.06 11:53 B C:\My Documents\webs\vescom\stock\cgi-bin\back.htm <-- WS_FTP32 /vesconite/stock/cgi-bin back.htm
103.08.06 11:53 B C:\My Documents\webs\vescom\stock\cgi-bin\change1.asp <-- WS_FTP32 /vesconite/stock/cgi-bin change1.asp
103.08.06 11:53 B C:\My Documents\webs\vescom\stock\cgi-bin\checkluhn.inc <-- WS_FTP32 /vesconite/stock/cgi-bin checkluhn.inc
103.08.06 11:53 B C:\My Documents\webs\vescom\stock\cgi-bin\checkpost.inc <-- WS_FTP32 /vesconite/stock/cgi-bin checkpost.inc
103.08.06 11:53 B C:\My Documents\webs\vescom\stock\cgi-bin\codepage.inc <-- WS_FTP32 /vesconite/stock/cgi-bin codepage.inc
103.08.06 11:53 B C:\My Documents\webs\vescom\stock\cgi-bin\comment1.asp <-- WS_FTP32 /vesconite/stock/cgi-bin comment1.asp
103.08.06 11:53 B C:\My Documents\webs\vescom\stock\cgi-bin\confirm1.asp <-- WS_FTP32 /vesconite/stock/cgi-bin confirm1.asp
103.08.06 11:53 B C:\My Documents\webs\vescom\stock\cgi-bin\confirm2.asp <-- WS_FTP32 /vesconite/stock/cgi-bin confirm2.asp
103.08.06 11:53 B C:\My Documents\webs\vescom\stock\cgi-bin\delete1.asp <-- WS_FTP32 /vesconite/stock/cgi-bin delete1.asp
103.08.06 11:53 B C:\My Documents\webs\vescom\stock\cgi-bin\details1.asp <-- WS_FTP32 /vesconite/stock/cgi-bin details1.asp
103.08.06 11:53 B C:\My Documents\webs\vescom\stock\cgi-bin\email.txt <-- WS_FTP32 /vesconite/stock/cgi-bin email.txt
103.08.06 11:53 B C:\My Documents\webs\vescom\stock\cgi-bin\GetOrder.inc <-- WS_FTP32 /vesconite/stock/cgi-bin GetOrder.inc
103.08.06 11:53 B C:\My Documents\webs\vescom\stock\cgi-bin\IASUtil.asp <-- WS_FTP32 /vesconite/stock/cgi-bin IASUtil.asp
103.08.06 11:53 B C:\My Documents\webs\vescom\stock\cgi-bin\loading.gif <-- WS_FTP32 /vesconite/stock/cgi-bin loading.gif
103.08.06 11:53 B C:\My Documents\webs\vescom\stock\cgi-bin\merc-conf.asp <-- WS_FTP32 /vesconite/stock/cgi-bin merc-conf.asp
103.08.06 11:54 B C:\My Documents\webs\vescom\stock\cgi-bin\payment1.asp <-- WS_FTP32 /vesconite/stock/cgi-bin payment1.asp
103.08.06 11:54 B C:\My Documents\webs\vescom\stock\cgi-bin\payment2.asp <-- WS_FTP32 /vesconite/stock/cgi-bin payment2.asp
103.08.06 11:54 B C:\My Documents\webs\vescom\stock\cgi-bin\receipt1.asp <-- WS_FTP32 /vesconite/stock/cgi-bin receipt1.asp
103.08.06 11:54 B C:\My Documents\webs\vescom\stock\cgi-bin\receipt2 with email.asp <-- WS_FTP32 /vesconite/stock/cgi-bin receipt2 with email.asp
103.08.06 11:54 B C:\My Documents\webs\vescom\stock\cgi-bin\receipt2.asp <-- WS_FTP32 /vesconite/stock/cgi-bin receipt2.asp
103.08.06 11:54 B C:\My Documents\webs\vescom\stock\cgi-bin\referror.asp <-- WS_FTP32 /vesconite/stock/cgi-bin referror.asp
103.08.06 11:54 B C:\My Documents\webs\vescom\stock\cgi-bin\reorder1.asp <-- WS_FTP32 /vesconite/stock/cgi-bin reorder1.asp
103.08.06 11:54 B C:\My Documents\webs\vescom\stock\cgi-bin\sendemail.asp <-- WS_FTP32 /vesconite/stock/cgi-bin sendemail.asp
103.08.06 11:54 B C:\My Documents\webs\vescom\stock\cgi-bin\shipping1.asp <-- WS_FTP32 /vesconite/stock/cgi-bin shipping1.asp
103.08.06 11:54 B C:\My Documents\webs\vescom\stock\cgi-bin\shipping2.asp <-- WS_FTP32 /vesconite/stock/cgi-bin shipping2.asp
103.08.06 11:54 B C:\My Documents\webs\vescom\stock\cgi-bin\shop1.asp <-- WS_FTP32 /vesconite/stock/cgi-bin shop1.asp
103.08.06 11:54 B C:\My Documents\webs\vescom\stock\cgi-bin\space.gif <-- WS_FTP32 /vesconite/stock/cgi-bin space.gif
103.08.06 11:54 B C:\My Documents\webs\vescom\stock\cgi-bin\view1.asp <-- WS_FTP32 /vesconite/stock/cgi-bin view1.asp
