103.08.06 12:04 B C:\My Documents\webs\vescom\stock\images\amex.gif <-- WS_FTP32 /vesconite/stock/images amex.gif
103.08.06 12:04 B C:\My Documents\webs\vescom\stock\images\cart.gif <-- WS_FTP32 /vesconite/stock/images cart.gif
103.08.06 12:04 B C:\My Documents\webs\vescom\stock\images\cell.gif <-- WS_FTP32 /vesconite/stock/images cell.gif
103.08.06 12:04 B C:\My Documents\webs\vescom\stock\images\delete.gif <-- WS_FTP32 /vesconite/stock/images delete.gif
103.08.06 12:04 B C:\My Documents\webs\vescom\stock\images\discover.gif <-- WS_FTP32 /vesconite/stock/images discover.gif
103.08.06 12:04 B C:\My Documents\webs\vescom\stock\images\fb400.jpg <-- WS_FTP32 /vesconite/stock/images fb400.jpg
103.08.06 12:04 B C:\My Documents\webs\vescom\stock\images\finparts.jpg <-- WS_FTP32 /vesconite/stock/images finparts.jpg
103.08.06 12:04 B C:\My Documents\webs\vescom\stock\images\greater than.gif <-- WS_FTP32 /vesconite/stock/images greater than.gif
103.08.06 12:04 B C:\My Documents\webs\vescom\stock\images\less than.gif <-- WS_FTP32 /vesconite/stock/images less than.gif
103.08.06 12:04 B C:\My Documents\webs\vescom\stock\images\log-Boeing.gif <-- WS_FTP32 /vesconite/stock/images log-Boeing.gif
103.08.06 12:05 B C:\My Documents\webs\vescom\stock\images\marine_small1.jpg <-- WS_FTP32 /vesconite/stock/images marine_small1.jpg
103.08.06 12:05 B C:\My Documents\webs\vescom\stock\images\mcard.gif <-- WS_FTP32 /vesconite/stock/images mcard.gif
103.08.06 12:05 B C:\My Documents\webs\vescom\stock\images\new_pic.gif <-- WS_FTP32 /vesconite/stock/images new_pic.gif
103.08.06 12:05 B C:\My Documents\webs\vescom\stock\images\salescart.gif <-- WS_FTP32 /vesconite/stock/images salescart.gif
103.08.06 12:05 B C:\My Documents\webs\vescom\stock\images\v3photo.jpg <-- WS_FTP32 /vesconite/stock/images v3photo.jpg
103.08.06 12:05 B C:\My Documents\webs\vescom\stock\images\visa.gif <-- WS_FTP32 /vesconite/stock/images visa.gif
103.08.06 12:05 B C:\My Documents\webs\vescom\stock\images\vr.jpg <-- WS_FTP32 /vesconite/stock/images vr.jpg
103.08.06 12:05 B C:\My Documents\webs\vescom\stock\images\VSalesLogo.gif <-- WS_FTP32 /vesconite/stock/images VSalesLogo.gif
103.08.06 12:05 B C:\My Documents\webs\vescom\stock\images\world.jpg <-- WS_FTP32 /vesconite/stock/images world.jpg
103.08.06 12:05 B C:\My Documents\webs\vescom\stock\images\world1.jpg <-- WS_FTP32 /vesconite/stock/images world1.jpg
103.08.06 12:05 B C:\My Documents\webs\vescom\stock\images\ybell.jpg <-- WS_FTP32 /vesconite/stock/images ybell.jpg
