[24-Jun-2016 04:22:45 CST6CDT] mail() on [/home/vesconit/public_html/industry/pumps/pump.php:25]: To: vesconite@vesconite.com -- Headers: From: tii@vesconite.com  Reply-To: tii@vesconite.com
[24-Jun-2016 04:22:45 CST6CDT] mail() on [/home/vesconit/public_html/industry/pumps/pump.php:76]: To: tii@vesconite.com -- Headers: From: vesconite@vesconite.com  Reply-To: vesconite@vesconite.com  MIME-Version: 1.0  Content-Type: text/html; charset=ISO-8859-1
[27-Jun-2016 09:34:25 CST6CDT] mail() on [/home/vesconit/public_html/industry/pumps/pump.php:25]: To: vesconite@vesconite.com -- Headers: From:   Reply-To:
[27-Jun-2016 09:34:25 CST6CDT] mail() on [/home/vesconit/public_html/industry/pumps/pump.php:76]: To:  -- Headers: From: vesconite@vesconite.com  Reply-To: vesconite@vesconite.com  MIME-Version: 1.0  Content-Type: text/html; charset=ISO-8859-1
[27-Jun-2016 13:36:09 CST6CDT] mail() on [/home/vesconit/public_html/industry/pumps/pump.php:25]: To: vesconite@vesconite.com -- Headers: From: guido1@axxess.co.za  Reply-To: guido1@axxess.co.za
[27-Jun-2016 13:36:09 CST6CDT] mail() on [/home/vesconit/public_html/industry/pumps/pump.php:76]: To: guido1@axxess.co.za -- Headers: From: vesconite@vesconite.com  Reply-To: vesconite@vesconite.com  MIME-Version: 1.0  Content-Type: text/html; charset=ISO-8859-1
[28-Jun-2016 11:12:02 CST6CDT] mail() on [/home/vesconit/public_html/industry/pumps/pump.php:25]: To: vesconite@vesconite.com -- Headers: From: ernesto.alvarez@cipyp.com  Reply-To: ernesto.alvarez@cipyp.com
[28-Jun-2016 11:12:02 CST6CDT] mail() on [/home/vesconit/public_html/industry/pumps/pump.php:76]: To: ernesto.alvarez@cipyp.com -- Headers: From: vesconite@vesconite.com  Reply-To: vesconite@vesconite.com  MIME-Version: 1.0  Content-Type: text/html; charset=ISO-8859-1
[29-Jun-2016 06:07:17 CST6CDT] mail() on [/home/vesconit/public_html/industry/pumps/pump.php:25]: To: vesconite@vesconite.com -- Headers: From: chedare@gmail.com  Reply-To: chedare@gmail.com
[29-Jun-2016 06:07:17 CST6CDT] mail() on [/home/vesconit/public_html/industry/pumps/pump.php:76]: To: chedare@gmail.com -- Headers: From: vesconite@vesconite.com  Reply-To: vesconite@vesconite.com  MIME-Version: 1.0  Content-Type: text/html; charset=ISO-8859-1
[29-Jun-2016 06:52:46 CST6CDT] mail() on [/home/vesconit/public_html/industry/pumps/pump.php:25]: To: vesconite@vesconite.com -- Headers: From: yousuf.shuhail@aramco.com  Reply-To: yousuf.shuhail@aramco.com
[29-Jun-2016 06:52:46 CST6CDT] mail() on [/home/vesconit/public_html/industry/pumps/pump.php:76]: To: yousuf.shuhail@aramco.com -- Headers: From: vesconite@vesconite.com  Reply-To: vesconite@vesconite.com  MIME-Version: 1.0  Content-Type: text/html; charset=ISO-8859-1
[29-Jun-2016 12:01:13 CST6CDT] mail() on [/home/vesconit/public_html/industry/pumps/pump.php:25]: To: vesconite@vesconite.com -- Headers: From: r  Reply-To: r
[29-Jun-2016 12:01:13 CST6CDT] mail() on [/home/vesconit/public_html/industry/pumps/pump.php:76]: To: r -- Headers: From: vesconite@vesconite.com  Reply-To: vesconite@vesconite.com  MIME-Version: 1.0  Content-Type: text/html; charset=ISO-8859-1
[29-Jun-2016 12:56:26 CST6CDT] mail() on [/home/vesconit/public_html/industry/pumps/pump.php:25]: To: vesconite@vesconite.com -- Headers: From: jashaheen2005@hotmail.com  Reply-To: jashaheen2005@hotmail.com
[29-Jun-2016 12:56:26 CST6CDT] mail() on [/home/vesconit/public_html/industry/pumps/pump.php:76]: To: jashaheen2005@hotmail.com -- Headers: From: vesconite@vesconite.com  Reply-To: vesconite@vesconite.com  MIME-Version: 1.0  Content-Type: text/html; charset=ISO-8859-1
[30-Jun-2016 01:15:53 CST6CDT] mail() on [/home/vesconit/public_html/industry/pumps/pump.php:25]: To: vesconite@vesconite.com -- Headers: From: cceaqa.madtriz.rc@gmail.com  Reply-To: cceaqa.madtriz.rc@gmail.com
[30-Jun-2016 01:15:53 CST6CDT] mail() on [/home/vesconit/public_html/industry/pumps/pump.php:76]: To: cceaqa.madtriz.rc@gmail.com -- Headers: From: vesconite@vesconite.com  Reply-To: vesconite@vesconite.com  MIME-Version: 1.0  Content-Type: text/html; charset=ISO-8859-1
[02-Jul-2016 07:11:36 CST6CDT] mail() on [/home/vesconit/public_html/industry/pumps/pump.php:25]: To: vesconite@vesconite.com -- Headers: From: nrramavat@gmail.com  Reply-To: nrramavat@gmail.com
[02-Jul-2016 07:11:36 CST6CDT] mail() on [/home/vesconit/public_html/industry/pumps/pump.php:76]: To: nrramavat@gmail.com -- Headers: From: vesconite@vesconite.com  Reply-To: vesconite@vesconite.com  MIME-Version: 1.0  Content-Type: text/html; charset=ISO-8859-1
[02-Jul-2016 13:22:23 CST6CDT] mail() on [/home/vesconit/public_html/industry/pumps/pump.php:25]: To: vesconite@vesconite.com -- Headers: From: abdi.r.m@gmail.com  Reply-To: abdi.r.m@gmail.com
[02-Jul-2016 13:22:23 CST6CDT] mail() on [/home/vesconit/public_html/industry/pumps/pump.php:76]: To: abdi.r.m@gmail.com -- Headers: From: vesconite@vesconite.com  Reply-To: vesconite@vesconite.com  MIME-Version: 1.0  Content-Type: text/html; charset=ISO-8859-1
[03-Jul-2016 01:36:56 CST6CDT] mail() on [/home/vesconit/public_html/industry/pumps/pump.php:25]: To: vesconite@vesconite.com -- Headers: From: AZTEXASIFZAMAN@GMAIL.COM  Reply-To: AZTEXASIFZAMAN@GMAIL.COM
[03-Jul-2016 01:36:56 CST6CDT] mail() on [/home/vesconit/public_html/industry/pumps/pump.php:76]: To: AZTEXASIFZAMAN@GMAIL.COM -- Headers: From: vesconite@vesconite.com  Reply-To: vesconite@vesconite.com  MIME-Version: 1.0  Content-Type: text/html; charset=ISO-8859-1
[05-Jul-2016 07:47:29 CST6CDT] mail() on [/home/vesconit/public_html/industry/pumps/pump.php:25]: To: vesconite@vesconite.com -- Headers: From: samgpartsandengineering@gmail.com  Reply-To: samgpartsandengineering@gmail.com
[05-Jul-2016 07:47:29 CST6CDT] mail() on [/home/vesconit/public_html/industry/pumps/pump.php:76]: To: samgpartsandengineering@gmail.com -- Headers: From: vesconite@vesconite.com  Reply-To: vesconite@vesconite.com  MIME-Version: 1.0  Content-Type: text/html; charset=ISO-8859-1
[06-Jul-2016 01:03:04 CST6CDT] mail() on [/home/vesconit/public_html/industry/pumps/pump.php:25]: To: vesconite@vesconite.com -- Headers: From: mark@rnepumps.com  Reply-To: mark@rnepumps.com
[06-Jul-2016 01:03:04 CST6CDT] mail() on [/home/vesconit/public_html/industry/pumps/pump.php:76]: To: mark@rnepumps.com -- Headers: From: vesconite@vesconite.com  Reply-To: vesconite@vesconite.com  MIME-Version: 1.0  Content-Type: text/html; charset=ISO-8859-1
[07-Jul-2016 07:46:21 CST6CDT] mail() on [/home/vesconit/public_html/industry/pumps/pump.php:25]: To: vesconite@vesconite.com -- Headers: From: tiisets  Reply-To: tiisets
[07-Jul-2016 07:46:21 CST6CDT] mail() on [/home/vesconit/public_html/industry/pumps/pump.php:76]: To: tiisets -- Headers: From: vesconite@vesconite.com  Reply-To: vesconite@vesconite.com  MIME-Version: 1.0  Content-Type: text/html; charset=ISO-8859-1
[07-Jul-2016 07:46:33 CST6CDT] mail() on [/home/vesconit/public_html/industry/pumps/pump.php:25]: To: vesconite@vesconite.com -- Headers: From: tii  Reply-To: tii
[07-Jul-2016 07:46:33 CST6CDT] mail() on [/home/vesconit/public_html/industry/pumps/pump.php:76]: To: tii -- Headers: From: vesconite@vesconite.com  Reply-To: vesconite@vesconite.com  MIME-Version: 1.0  Content-Type: text/html; charset=ISO-8859-1
[07-Jul-2016 08:17:25 CST6CDT] mail() on [/home/vesconit/public_html/industry/pumps/pump.php:25]: To: vesconite@vesconite.com -- Headers: From: valasek@valasekpumps.com  Reply-To: valasek@valasekpumps.com
[07-Jul-2016 08:17:25 CST6CDT] mail() on [/home/vesconit/public_html/industry/pumps/pump.php:76]: To: valasek@valasekpumps.com -- Headers: From: vesconite@vesconite.com  Reply-To: vesconite@vesconite.com  MIME-Version: 1.0  Content-Type: text/html; charset=ISO-8859-1
[07-Jul-2016 10:25:52 CST6CDT] mail() on [/home/vesconit/public_html/industry/pumps/pump.php:25]: To: vesconite@vesconite.com -- Headers: From: Bryan.daniele@sealpac.com  Reply-To: Bryan.daniele@sealpac.com
[07-Jul-2016 10:25:52 CST6CDT] mail() on [/home/vesconit/public_html/industry/pumps/pump.php:76]: To: Bryan.daniele@sealpac.com -- Headers: From: vesconite@vesconite.com  Reply-To: vesconite@vesconite.com  MIME-Version: 1.0  Content-Type: text/html; charset=ISO-8859-1
[07-Jul-2016 12:26:06 CST6CDT] mail() on [/home/vesconit/public_html/industry/pumps/pump.php:25]: To: vesconite@vesconite.com -- Headers: From:   Reply-To:
[07-Jul-2016 12:26:06 CST6CDT] mail() on [/home/vesconit/public_html/industry/pumps/pump.php:76]: To:  -- Headers: From: vesconite@vesconite.com  Reply-To: vesconite@vesconite.com  MIME-Version: 1.0  Content-Type: text/html; charset=ISO-8859-1
[09-Jul-2016 02:17:30 CST6CDT] mail() on [/home/vesconit/public_html/industry/pumps/pump.php:25]: To: vesconite@vesconite.com -- Headers: From: en.saeed.k@gmail.com  Reply-To: en.saeed.k@gmail.com
[09-Jul-2016 02:17:31 CST6CDT] mail() on [/home/vesconit/public_html/industry/pumps/pump.php:76]: To: en.saeed.k@gmail.com -- Headers: From: vesconite@vesconite.com  Reply-To: vesconite@vesconite.com  MIME-Version: 1.0  Content-Type: text/html; charset=ISO-8859-1
[10-Jul-2016 16:38:46 CST6CDT] mail() on [/home/vesconit/public_html/industry/pumps/pump.php:25]: To: vesconite@vesconite.com -- Headers: From:   Reply-To:
[10-Jul-2016 16:38:46 CST6CDT] mail() on [/home/vesconit/public_html/industry/pumps/pump.php:76]: To:  -- Headers: From: vesconite@vesconite.com  Reply-To: vesconite@vesconite.com  MIME-Version: 1.0  Content-Type: text/html; charset=ISO-8859-1
[11-Jul-2016 07:53:39 CST6CDT] mail() on [/home/vesconit/public_html/industry/pumps/pump.php:25]: To: vesconite@vesconite.com -- Headers: From: ddonovan@pumpsystemsaz.com  Reply-To: ddonovan@pumpsystemsaz.com
[11-Jul-2016 07:53:39 CST6CDT] mail() on [/home/vesconit/public_html/industry/pumps/pump.php:76]: To: ddonovan@pumpsystemsaz.com -- Headers: From: vesconite@vesconite.com  Reply-To: vesconite@vesconite.com  MIME-Version: 1.0  Content-Type: text/html; charset=ISO-8859-1
[11-Jul-2016 09:10:00 CST6CDT] mail() on [/home/vesconit/public_html/industry/pumps/pump.php:25]: To: vesconite@vesconite.com -- Headers: From: sbsmith@chemcut.net  Reply-To: sbsmith@chemcut.net
[11-Jul-2016 09:10:00 CST6CDT] mail() on [/home/vesconit/public_html/industry/pumps/pump.php:76]: To: sbsmith@chemcut.net -- Headers: From: vesconite@vesconite.com  Reply-To: vesconite@vesconite.com  MIME-Version: 1.0  Content-Type: text/html; charset=ISO-8859-1
[11-Jul-2016 10:35:36 CST6CDT] mail() on [/home/vesconit/public_html/industry/pumps/pump.php:25]: To: vesconite@vesconite.com -- Headers: From: egallagher@gsengr.com  Reply-To: egallagher@gsengr.com
[11-Jul-2016 10:35:37 CST6CDT] mail() on [/home/vesconit/public_html/industry/pumps/pump.php:76]: To: egallagher@gsengr.com -- Headers: From: vesconite@vesconite.com  Reply-To: vesconite@vesconite.com  MIME-Version: 1.0  Content-Type: text/html; charset=ISO-8859-1
