[24-Jun-2016 02:00:13 CST6CDT] mail() on [/home/vesconit/public_html/design/bush/indust/DAB_indust_metric.php:94]: To: vesconite@vesconite.com -- Headers: From:   Reply-To:
[24-Jun-2016 02:00:13 CST6CDT] mail() on [/home/vesconit/public_html/design/bush/indust/DAB_indust_metric.php:145]: To:  -- Headers: From: vesconite@vesconite.com  Reply-To: vesconite@vesconite.com  MIME-Version: 1.0  Content-Type: text/html; charset=ISO-8859-1
[24-Jun-2016 02:42:41 CST6CDT] mail() on [/home/vesconit/public_html/design/bush/indust/DAB_indust_metric.php:94]: To: vesconite@vesconite.com -- Headers: From:   Reply-To:
[24-Jun-2016 02:42:41 CST6CDT] mail() on [/home/vesconit/public_html/design/bush/indust/DAB_indust_metric.php:145]: To:  -- Headers: From: vesconite@vesconite.com  Reply-To: vesconite@vesconite.com  MIME-Version: 1.0  Content-Type: text/html; charset=ISO-8859-1
[24-Jun-2016 10:54:27 CST6CDT] mail() on [/home/vesconit/public_html/design/bush/indust/DAB_indust_imperial.php:94]: To: vesconite@vesconite.com -- Headers: From:   Reply-To:
[24-Jun-2016 10:54:27 CST6CDT] mail() on [/home/vesconit/public_html/design/bush/indust/DAB_indust_imperial.php:145]: To:  -- Headers: From: vesconite@vesconite.com  Reply-To: vesconite@vesconite.com  MIME-Version: 1.0  Content-Type: text/html; charset=ISO-8859-1
[24-Jun-2016 16:53:34 CST6CDT] mail() on [/home/vesconit/public_html/design/bush/indust/DAB_indust_imperial.php:94]: To: vesconite@vesconite.com -- Headers: From:   Reply-To:
[24-Jun-2016 16:53:34 CST6CDT] mail() on [/home/vesconit/public_html/design/bush/indust/DAB_indust_imperial.php:145]: To:  -- Headers: From: vesconite@vesconite.com  Reply-To: vesconite@vesconite.com  MIME-Version: 1.0  Content-Type: text/html; charset=ISO-8859-1
[27-Jun-2016 15:12:15 CST6CDT] mail() on [/home/vesconit/public_html/design/bush/indust/DAB_indust_imperial.php:94]: To: vesconite@vesconite.com -- Headers: From:   Reply-To:
[27-Jun-2016 15:12:15 CST6CDT] mail() on [/home/vesconit/public_html/design/bush/indust/DAB_indust_imperial.php:145]: To:  -- Headers: From: vesconite@vesconite.com  Reply-To: vesconite@vesconite.com  MIME-Version: 1.0  Content-Type: text/html; charset=ISO-8859-1
[27-Jun-2016 17:31:24 CST6CDT] mail() on [/home/vesconit/public_html/design/bush/indust/DAB_indust_imperial.php:94]: To: vesconite@vesconite.com -- Headers: From:   Reply-To:
[27-Jun-2016 17:31:24 CST6CDT] mail() on [/home/vesconit/public_html/design/bush/indust/DAB_indust_imperial.php:145]: To:  -- Headers: From: vesconite@vesconite.com  Reply-To: vesconite@vesconite.com  MIME-Version: 1.0  Content-Type: text/html; charset=ISO-8859-1
[28-Jun-2016 06:05:06 CST6CDT] mail() on [/home/vesconit/public_html/design/bush/indust/DAB_indust_metric.php:94]: To: vesconite@vesconite.com -- Headers: From:   Reply-To:
[28-Jun-2016 06:05:06 CST6CDT] mail() on [/home/vesconit/public_html/design/bush/indust/DAB_indust_metric.php:145]: To:  -- Headers: From: vesconite@vesconite.com  Reply-To: vesconite@vesconite.com  MIME-Version: 1.0  Content-Type: text/html; charset=ISO-8859-1
[28-Jun-2016 07:22:36 CST6CDT] mail() on [/home/vesconit/public_html/design/bush/indust/DAB_indust_metric.php:94]: To: vesconite@vesconite.com -- Headers: From:   Reply-To:
[28-Jun-2016 07:22:37 CST6CDT] mail() on [/home/vesconit/public_html/design/bush/indust/DAB_indust_metric.php:145]: To:  -- Headers: From: vesconite@vesconite.com  Reply-To: vesconite@vesconite.com  MIME-Version: 1.0  Content-Type: text/html; charset=ISO-8859-1
[30-Jun-2016 03:25:25 CST6CDT] mail() on [/home/vesconit/public_html/design/bush/indust/DAB_indust_metric.php:94]: To: vesconite@vesconite.com -- Headers: From:   Reply-To:
[30-Jun-2016 03:25:25 CST6CDT] mail() on [/home/vesconit/public_html/design/bush/indust/DAB_indust_metric.php:145]: To:  -- Headers: From: vesconite@vesconite.com  Reply-To: vesconite@vesconite.com  MIME-Version: 1.0  Content-Type: text/html; charset=ISO-8859-1
[30-Jun-2016 03:26:40 CST6CDT] mail() on [/home/vesconit/public_html/design/bush/indust/DAB_indust_metric.php:94]: To: vesconite@vesconite.com -- Headers: From:   Reply-To:
[30-Jun-2016 03:26:40 CST6CDT] mail() on [/home/vesconit/public_html/design/bush/indust/DAB_indust_metric.php:145]: To:  -- Headers: From: vesconite@vesconite.com  Reply-To: vesconite@vesconite.com  MIME-Version: 1.0  Content-Type: text/html; charset=ISO-8859-1
[30-Jun-2016 03:30:12 CST6CDT] mail() on [/home/vesconit/public_html/design/bush/indust/DAB_indust_metric.php:94]: To: vesconite@vesconite.com -- Headers: From: paul@phes.co.za  Reply-To: paul@phes.co.za
[30-Jun-2016 03:30:12 CST6CDT] mail() on [/home/vesconit/public_html/design/bush/indust/DAB_indust_metric.php:145]: To: paul@phes.co.za -- Headers: From: vesconite@vesconite.com  Reply-To: vesconite@vesconite.com  MIME-Version: 1.0  Content-Type: text/html; charset=ISO-8859-1
[30-Jun-2016 03:54:01 CST6CDT] mail() on [/home/vesconit/public_html/design/bush/indust/DAB_indust_metric.php:94]: To: vesconite@vesconite.com -- Headers: From:   Reply-To:
[30-Jun-2016 03:54:01 CST6CDT] mail() on [/home/vesconit/public_html/design/bush/indust/DAB_indust_metric.php:145]: To:  -- Headers: From: vesconite@vesconite.com  Reply-To: vesconite@vesconite.com  MIME-Version: 1.0  Content-Type: text/html; charset=ISO-8859-1
[30-Jun-2016 03:54:22 CST6CDT] mail() on [/home/vesconit/public_html/design/bush/indust/DAB_indust_metric.php:94]: To: vesconite@vesconite.com -- Headers: From:   Reply-To:
[30-Jun-2016 03:54:22 CST6CDT] mail() on [/home/vesconit/public_html/design/bush/indust/DAB_indust_metric.php:145]: To:  -- Headers: From: vesconite@vesconite.com  Reply-To: vesconite@vesconite.com  MIME-Version: 1.0  Content-Type: text/html; charset=ISO-8859-1
[30-Jun-2016 13:40:16 CST6CDT] mail() on [/home/vesconit/public_html/design/bush/indust/DAB_indust_imperial.php:94]: To: vesconite@vesconite.com -- Headers: From:   Reply-To:
[30-Jun-2016 13:40:16 CST6CDT] mail() on [/home/vesconit/public_html/design/bush/indust/DAB_indust_imperial.php:145]: To:  -- Headers: From: vesconite@vesconite.com  Reply-To: vesconite@vesconite.com  MIME-Version: 1.0  Content-Type: text/html; charset=ISO-8859-1
[30-Jun-2016 14:40:21 CST6CDT] mail() on [/home/vesconit/public_html/design/bush/indust/DAB_indust_metric.php:94]: To: vesconite@vesconite.com -- Headers: From:   Reply-To:
[30-Jun-2016 14:40:21 CST6CDT] mail() on [/home/vesconit/public_html/design/bush/indust/DAB_indust_metric.php:145]: To:  -- Headers: From: vesconite@vesconite.com  Reply-To: vesconite@vesconite.com  MIME-Version: 1.0  Content-Type: text/html; charset=ISO-8859-1
[01-Jul-2016 01:44:38 CST6CDT] mail() on [/home/vesconit/public_html/design/bush/indust/DAB_indust_metric.php:94]: To: vesconite@vesconite.com -- Headers: From:   Reply-To:
[01-Jul-2016 01:44:38 CST6CDT] mail() on [/home/vesconit/public_html/design/bush/indust/DAB_indust_metric.php:145]: To:  -- Headers: From: vesconite@vesconite.com  Reply-To: vesconite@vesconite.com  MIME-Version: 1.0  Content-Type: text/html; charset=ISO-8859-1
[04-Jul-2016 10:17:25 CST6CDT] mail() on [/home/vesconit/public_html/design/bush/indust/DAB_indust_imperial.php:94]: To: vesconite@vesconite.com -- Headers: From:   Reply-To:
[04-Jul-2016 10:17:25 CST6CDT] mail() on [/home/vesconit/public_html/design/bush/indust/DAB_indust_imperial.php:145]: To:  -- Headers: From: vesconite@vesconite.com  Reply-To: vesconite@vesconite.com  MIME-Version: 1.0  Content-Type: text/html; charset=ISO-8859-1
[04-Jul-2016 10:17:55 CST6CDT] mail() on [/home/vesconit/public_html/design/bush/indust/DAB_indust_imperial.php:94]: To: vesconite@vesconite.com -- Headers: From:   Reply-To:
[04-Jul-2016 10:17:55 CST6CDT] mail() on [/home/vesconit/public_html/design/bush/indust/DAB_indust_imperial.php:145]: To:  -- Headers: From: vesconite@vesconite.com  Reply-To: vesconite@vesconite.com  MIME-Version: 1.0  Content-Type: text/html; charset=ISO-8859-1
[04-Jul-2016 10:21:15 CST6CDT] mail() on [/home/vesconit/public_html/design/bush/indust/DAB_indust_imperial.php:94]: To: vesconite@vesconite.com -- Headers: From:   Reply-To:
[04-Jul-2016 10:21:15 CST6CDT] mail() on [/home/vesconit/public_html/design/bush/indust/DAB_indust_imperial.php:145]: To:  -- Headers: From: vesconite@vesconite.com  Reply-To: vesconite@vesconite.com  MIME-Version: 1.0  Content-Type: text/html; charset=ISO-8859-1
[05-Jul-2016 04:15:38 CST6CDT] mail() on [/home/vesconit/public_html/design/bush/indust/DAB_indust_imperial.php:94]: To: vesconite@vesconite.com -- Headers: From: tii@vesconite.com  Reply-To: tii@vesconite.com
[05-Jul-2016 04:15:38 CST6CDT] mail() on [/home/vesconit/public_html/design/bush/indust/DAB_indust_imperial.php:145]: To: tii@vesconite.com -- Headers: From: vesconite@vesconite.com  Reply-To: vesconite@vesconite.com  MIME-Version: 1.0  Content-Type: text/html; charset=ISO-8859-1
[05-Jul-2016 04:33:41 CST6CDT] mail() on [/home/vesconit/public_html/design/bush/indust/DAB_indust_imperial.php:94]: To: vesconite@vesconite.com -- Headers: From: tii@vesconite.com  Reply-To: tii@vesconite.com
[05-Jul-2016 04:33:41 CST6CDT] mail() on [/home/vesconit/public_html/design/bush/indust/DAB_indust_imperial.php:145]: To: tii@vesconite.com -- Headers: From: vesconite@vesconite.com  Reply-To: vesconite@vesconite.com  MIME-Version: 1.0  Content-Type: text/html; charset=ISO-8859-1
[05-Jul-2016 04:35:18 CST6CDT] mail() on [/home/vesconit/public_html/design/bush/indust/DAB_indust_imperial.php:94]: To: vesconite@vesconite.com -- Headers: From: tii@vesconite.com  Reply-To: tii@vesconite.com
[05-Jul-2016 04:35:18 CST6CDT] mail() on [/home/vesconit/public_html/design/bush/indust/DAB_indust_imperial.php:145]: To: tii@vesconite.com -- Headers: From: vesconite@vesconite.com  Reply-To: vesconite@vesconite.com  MIME-Version: 1.0  Content-Type: text/html; charset=ISO-8859-1
[06-Jul-2016 04:42:02 CST6CDT] mail() on [/home/vesconit/public_html/design/bush/indust/DAB_indust_metric.php:94]: To: vesconite@vesconite.com -- Headers: From:   Reply-To:
[06-Jul-2016 04:42:02 CST6CDT] mail() on [/home/vesconit/public_html/design/bush/indust/DAB_indust_metric.php:145]: To:  -- Headers: From: vesconite@vesconite.com  Reply-To: vesconite@vesconite.com  MIME-Version: 1.0  Content-Type: text/html; charset=ISO-8859-1
[07-Jul-2016 07:46:52 CST6CDT] mail() on [/home/vesconit/public_html/design/bush/indust/DAB_indust_metric.php:94]: To: vesconite@vesconite.com -- Headers: From: q  Reply-To: q
[07-Jul-2016 07:46:52 CST6CDT] mail() on [/home/vesconit/public_html/design/bush/indust/DAB_indust_metric.php:145]: To: q -- Headers: From: vesconite@vesconite.com  Reply-To: vesconite@vesconite.com  MIME-Version: 1.0  Content-Type: text/html; charset=ISO-8859-1
[07-Jul-2016 18:49:47 CST6CDT] mail() on [/home/vesconit/public_html/design/bush/indust/DAB_indust_imperial.php:94]: To: vesconite@vesconite.com -- Headers: From:   Reply-To:
[07-Jul-2016 18:49:47 CST6CDT] mail() on [/home/vesconit/public_html/design/bush/indust/DAB_indust_imperial.php:145]: To:  -- Headers: From: vesconite@vesconite.com  Reply-To: vesconite@vesconite.com  MIME-Version: 1.0  Content-Type: text/html; charset=ISO-8859-1
[07-Jul-2016 19:28:02 CST6CDT] mail() on [/home/vesconit/public_html/design/bush/indust/DAB_indust_metric.php:94]: To: vesconite@vesconite.com -- Headers: From:   Reply-To:
[07-Jul-2016 19:28:02 CST6CDT] mail() on [/home/vesconit/public_html/design/bush/indust/DAB_indust_metric.php:145]: To:  -- Headers: From: vesconite@vesconite.com  Reply-To: vesconite@vesconite.com  MIME-Version: 1.0  Content-Type: text/html; charset=ISO-8859-1
